<?xml version="1.0" encoding="UTF-8"?>
<!-- Generated by org.testng.reporters.JUnitReportReporter -->
<testsuite hostname="DESKTOP-KJC6B92" failures="0" tests="1" name="pack1.AnnotationsAndListeners" time="0.008" errors="0" timestamp="2024-05-23T08:55:43 IST" skipped="0">
  <testcase classname="pack1.AnnotationsAndListeners" name="m1" time="0.008"/>
  <system-out>
    <![CDATA[m1 test case.]]>
  </system-out>
</testsuite> <!-- pack1.AnnotationsAndListeners -->
