<?xml version="1.0" encoding="UTF-8"?>
<!-- Generated by org.testng.reporters.JUnitReportReporter -->
<testsuite hostname="DESKTOP-KJC6B92" failures="0" tests="2" name="pack1.GroupingOfTcs" time="0.007" errors="0" timestamp="2024-05-20T08:54:27 IST" skipped="0">
  <testcase classname="pack1.GroupingOfTcs" name="m3" time="0.003"/>
  <system-out>
    <![CDATA[m3 test case.]]>
  </system-out>
  <testcase classname="pack1.GroupingOfTcs" name="m4" time="0.004"/>
  <system-out>
    <![CDATA[m4 test case.]]>
  </system-out>
</testsuite> <!-- pack1.GroupingOfTcs -->
