<?xml version="1.0" encoding="UTF-8"?>
<!-- Generated by org.testng.reporters.JUnitReportReporter -->
<testsuite hostname="DESKTOP-KJC6B92" failures="0" tests="1" name="pack1.GroupingOfTcs2" time="0.010" errors="0" timestamp="2024-05-20T08:54:27 IST" skipped="0">
  <testcase classname="pack1.GroupingOfTcs2" name="m6" time="0.010"/>
  <system-out>
    <![CDATA[m2 test case.]]>
  </system-out>
</testsuite> <!-- pack1.GroupingOfTcs2 -->
