<?xml version="1.0" encoding="UTF-8"?>
<!-- Generated by org.testng.reporters.JUnitReportReporter -->
<testsuite hostname="DESKTOP-KJC6B92" failures="0" tests="1" name="selenium_TestNgDemo.Class1" time="12.598" errors="0" timestamp="2024-05-21T08:27:29 IST" skipped="0">
  <testcase classname="selenium_TestNgDemo.Class1" name="clickOnAddrBook" time="12.598"/>
  <system-out/>
</testsuite> <!-- selenium_TestNgDemo.Class1 -->
