<?xml version="1.0" encoding="UTF-8"?>
<!-- Generated by org.testng.reporters.JUnitReportReporter -->
<testsuite hostname="DESKTOP-KJC6B92" failures="0" tests="3" name="selenium_TestNgDemo.LoginSelenium" time="21.062" errors="0" timestamp="2024-05-23T08:05:58 IST" skipped="0">
  <testcase classname="selenium_TestNgDemo.LoginSelenium" name="TestCase3" time="6.970"/>
  <system-out/>
  <testcase classname="selenium_TestNgDemo.LoginSelenium" name="TestCase2" time="6.962"/>
  <system-out/>
  <testcase classname="selenium_TestNgDemo.LoginSelenium" name="clickOnAddrBook" time="7.130"/>
  <system-out/>
</testsuite> <!-- selenium_TestNgDemo.LoginSelenium -->
