<?xml version="1.0" encoding="UTF-8"?>
<!-- Generated by org.testng.reporters.JUnitReportReporter -->
<testsuite hostname="DESKTOP-KJC6B92" failures="0" tests="3" name="selenium_TestNgDemo.ParallelExecution_SeleniumTC" time="53.839" errors="0" timestamp="2024-05-23T07:16:52 IST" skipped="0">
  <testcase classname="selenium_TestNgDemo.ParallelExecution_SeleniumTC" name="clickOnAddrBook" time="18.251"/>
  <system-out/>
  <testcase classname="selenium_TestNgDemo.ParallelExecution_SeleniumTC" name="TestCase2" time="17.186"/>
  <system-out/>
  <testcase classname="selenium_TestNgDemo.ParallelExecution_SeleniumTC" name="TestCase3" time="18.402"/>
  <system-out/>
</testsuite> <!-- selenium_TestNgDemo.ParallelExecution_SeleniumTC -->
