<?xml version="1.0" encoding="UTF-8"?>
<!-- Generated by org.testng.reporters.JUnitReportReporter -->
<testsuite hostname="DESKTOP-KJC6B92" failures="0" tests="2" name="pack1.TestClass3" time="0.006" errors="0" timestamp="2024-05-16T08:58:34 IST" skipped="0">
  <testcase classname="pack1.TestClass3" name="m7" time="0.005"/>
  <system-out>
    <![CDATA[m7 test case.]]>
  </system-out>
  <testcase classname="pack1.TestClass3" name="m8" time="0.001"/>
  <system-out>
    <![CDATA[m8 test case.]]>
  </system-out>
</testsuite> <!-- pack1.TestClass3 -->
