<?xml version="1.0" encoding="UTF-8"?>
<!-- Generated by org.testng.reporters.JUnitReportReporter -->
<testsuite hostname="DESKTOP-KJC6B92" failures="1" tests="6" name="pack1.ParallelExecution2" time="0.143" errors="0" timestamp="2024-05-22T07:34:13 IST" skipped="0">
  <testcase classname="pack1.ParallelExecution2" name="m10" time="0.022">
    <failure message="null" type="java.lang.AssertionError">
      <![CDATA[java.lang.AssertionError: null
at org.testng.Assert.fail(Assert.java:99)
at org.testng.Assert.fail(Assert.java:106)
at pack1.ParallelExecution2.m10(ParallelExecution2.java:12)
at java.base/jdk.internal.reflect.NativeMethodAccessorImpl.invoke0(Native Method)
at java.base/jdk.internal.reflect.NativeMethodAccessorImpl.invoke(NativeMethodAccessorImpl.java:77)
at java.base/jdk.internal.reflect.DelegatingMethodAccessorImpl.invoke(DelegatingMethodAccessorImpl.java:43)
at java.base/java.lang.reflect.Method.invoke(Method.java:568)
at org.testng.internal.MethodInvocationHelper.invokeMethod(MethodInvocationHelper.java:133)
at org.testng.internal.TestInvoker.invokeMethod(TestInvoker.java:598)
at org.testng.internal.TestInvoker.invokeTestMethod(TestInvoker.java:173)
at org.testng.internal.MethodRunner.runInSequence(MethodRunner.java:46)
at org.testng.internal.TestInvoker$MethodInvocationAgent.invoke(TestInvoker.java:824)
at org.testng.internal.TestInvoker.invokeTestMethods(TestInvoker.java:146)
at org.testng.internal.TestMethodWorker.invokeTestMethods(TestMethodWorker.java:146)
at org.testng.internal.TestMethodWorker.run(TestMethodWorker.java:128)
at java.base/java.util.concurrent.ThreadPoolExecutor.runWorker(ThreadPoolExecutor.java:1136)
at java.base/java.util.concurrent.ThreadPoolExecutor$Worker.run(ThreadPoolExecutor.java:635)
at java.base/java.lang.Thread.run(Thread.java:840)
]]>
    </failure>
  </testcase> <!-- m10 -->
  <system-out/>
  <testcase classname="pack1.ParallelExecution2" name="m15" time="0.021"/>
  <system-out>
    <![CDATA[m15 test case.]]>
  </system-out>
  <testcase classname="pack1.ParallelExecution2" name="m14" time="0.023"/>
  <system-out>
    <![CDATA[m14 test case.]]>
  </system-out>
  <testcase classname="pack1.ParallelExecution2" name="m11" time="0.021"/>
  <system-out>
    <![CDATA[m11 test case.]]>
  </system-out>
  <testcase classname="pack1.ParallelExecution2" name="m12" time="0.028"/>
  <system-out>
    <![CDATA[m12 test case.]]>
  </system-out>
  <testcase classname="pack1.ParallelExecution2" name="m13" time="0.028"/>
  <system-out>
    <![CDATA[m13 test case.]]>
  </system-out>
</testsuite> <!-- pack1.ParallelExecution2 -->
