<?xml version="1.0" encoding="UTF-8"?>
<!-- Generated by org.testng.reporters.JUnitReportReporter -->
<testsuite hostname="DESKTOP-KJC6B92" failures="0" tests="5" name="pack1.DependsOnGroups2" time="0.008" errors="0" timestamp="2024-05-23T07:49:25 IST" skipped="1">
  <testcase classname="pack1.DependsOnGroups2" name="m5" time="0.002"/>
  <system-out>
    <![CDATA[m1 test case.]]>
  </system-out>
  <testcase classname="pack1.DependsOnGroups2" name="m6" time="0.001"/>
  <system-out>
    <![CDATA[m2 test case.]]>
  </system-out>
  <testcase classname="pack1.DependsOnGroups2" name="m7" time="0.003"/>
  <system-out>
    <![CDATA[m3 test case.]]>
  </system-out>
  <testcase classname="pack1.DependsOnGroups2" name="m8" time="0.002"/>
  <system-out>
    <![CDATA[m4 test case.]]>
  </system-out>
  <testcase classname="pack1.DependsOnGroups2" name="m10" time="0.000">
    <skipped/>
  </testcase> <!-- m10 -->
  <system-out/>
</testsuite> <!-- pack1.DependsOnGroups2 -->
