<?xml version="1.0" encoding="UTF-8"?>
<!-- Generated by org.testng.reporters.JUnitReportReporter -->
<testsuite hostname="DESKTOP-KJC6B92" failures="0" tests="4" name="pack1.TestClass1" time="0.016" errors="0" timestamp="2024-05-16T08:58:34 IST" skipped="1">
  <testcase classname="pack1.TestClass1" name="m1" time="0.005"/>
  <system-out>
    <![CDATA[m1 test case.]]>
  </system-out>
  <testcase classname="pack1.TestClass1" name="m4" time="0.006"/>
  <system-out/>
  <testcase classname="pack1.TestClass1" name="m3" time="0.005"/>
  <system-out/>
  <testcase classname="pack1.TestClass1" name="m2">
    <skipped/>
  </testcase> <!-- m2 -->
  <system-out/>
</testsuite> <!-- pack1.TestClass1 -->
