<?xml version="1.0" encoding="UTF-8"?>
<!-- Generated by org.testng.reporters.JUnitReportReporter -->
<testsuite hostname="DESKTOP-KJC6B92" failures="0" tests="2" name="pack1.TestClass2" time="0.017" errors="0" timestamp="2024-05-16T08:58:34 IST" skipped="0">
  <testcase classname="pack1.TestClass2" name="m5" time="0.010"/>
  <system-out>
    <![CDATA[m5 test case.]]>
  </system-out>
  <testcase classname="pack1.TestClass2" name="m6" time="0.007"/>
  <system-out>
    <![CDATA[m6 test case.]]>
  </system-out>
</testsuite> <!-- pack1.TestClass2 -->
