<?xml version="1.0" encoding="UTF-8"?>
<!-- Generated by org.testng.reporters.JUnitReportReporter -->
<testsuite hostname="DESKTOP-KJC6B92" failures="0" tests="2" name="pack1.Parameters" time="0.010" errors="0" timestamp="2024-05-21T09:12:24 IST" skipped="0">
  <testcase classname="pack1.Parameters" name="m1" time="0.009"/>
  <system-out>
    <![CDATA[m1 test case.]]>
  </system-out>
  <testcase classname="pack1.Parameters" name="m2" time="0.001"/>
  <system-out>
    <![CDATA[m1 test case.]]>
  </system-out>
</testsuite> <!-- pack1.Parameters -->
