<?xml version="1.0" encoding="UTF-8"?>
<!-- Generated by org.testng.reporters.JUnitReportReporter -->
<testsuite hostname="DESKTOP-KJC6B92" failures="0" tests="1" name="selenium_TestNgDemo.LoginSelenium2" time="7.292" errors="0" timestamp="2024-05-23T08:07:03 IST" skipped="0">
  <testcase classname="selenium_TestNgDemo.LoginSelenium2" name="clickOnAddrBook" time="7.292"/>
  <system-out/>
</testsuite> <!-- selenium_TestNgDemo.LoginSelenium2 -->
