<?xml version="1.0" encoding="UTF-8"?>
<!-- Generated by org.testng.reporters.JUnitReportReporter -->
<testsuite hostname="DESKTOP-KJC6B92" failures="0" tests="4" name="pack1.DependsOnMethods2" time="0.003" errors="0" timestamp="2024-05-21T07:32:04 IST" skipped="1">
  <testcase classname="pack1.DependsOnMethods2" name="m5" time="0.001"/>
  <system-out>
    <![CDATA[m1 test case.]]>
  </system-out>
  <testcase classname="pack1.DependsOnMethods2" name="m6" time="0.001"/>
  <system-out>
    <![CDATA[m2 test case.]]>
  </system-out>
  <testcase classname="pack1.DependsOnMethods2" name="m7" time="0.000">
    <skipped/>
  </testcase> <!-- m7 -->
  <system-out/>
  <testcase classname="pack1.DependsOnMethods2" name="m8" time="0.001"/>
  <system-out>
    <![CDATA[m4 test case.]]>
  </system-out>
</testsuite> <!-- pack1.DependsOnMethods2 -->
