<?xml version="1.0" encoding="UTF-8"?>
<!-- Generated by org.testng.reporters.JUnitReportReporter -->
<testsuite hostname="DESKTOP-KJC6B92" failures="0" tests="1" name="testSuites.EditAddressTestSuite" time="6.305" errors="0" timestamp="2024-05-31T08:37:42 IST" skipped="0">
  <testcase classname="testSuites.EditAddressTestSuite" name="tc_1245_editAddressTest" time="6.305"/>
  <system-out/>
</testsuite> <!-- testSuites.EditAddressTestSuite -->
