<?xml version="1.0" encoding="UTF-8"?>
<!-- Generated by org.testng.reporters.JUnitReportReporter -->
<testsuite hostname="DESKTOP-KJC6B92" failures="0" tests="1" name="testSuites.EditAccountTestSuite" time="5.820" errors="0" timestamp="2024-05-31T08:37:42 IST" skipped="0">
  <testcase classname="testSuites.EditAccountTestSuite" name="tc_124_editAccountTest" time="5.820"/>
  <system-out/>
</testsuite> <!-- testSuites.EditAccountTestSuite -->
