<?xml version="1.0" encoding="UTF-8"?>
<!-- Generated by org.testng.reporters.JUnitReportReporter -->
<testsuite hostname="DESKTOP-KJC6B92" failures="0" tests="1" name="testSuites.EditAddressTestSuite" time="4.368" errors="0" timestamp="2024-05-28T09:06:46 IST" skipped="0">
  <testcase classname="testSuites.EditAddressTestSuite" name="tc_1245_editAddressTest" time="4.368"/>
  <system-out/>
</testsuite> <!-- testSuites.EditAddressTestSuite -->
