<?xml version="1.0" encoding="UTF-8"?>
<!-- Generated by org.testng.reporters.JUnitReportReporter -->
<testsuite hostname="DESKTOP-KJC6B92" failures="0" tests="1" name="testSuites.LoginTestSuite" time="1.314" errors="0" timestamp="2024-05-24T08:58:19 IST" skipped="0">
  <testcase classname="testSuites.LoginTestSuite" name="tc_124_LoginTest" time="1.314"/>
  <system-out/>
</testsuite> <!-- testSuites.LoginTestSuite -->
